0 info it worked if it ends with ok
1 verbose cli [ '/nix/store/ajr6i77s89gjfjm59aazc16b5rvb39n7-nodejs-4.3.1/bin/node',
1 verbose cli   '/mnt/shared/sbin/npm',
1 verbose cli   'start' ]
2 info using npm@2.14.12
3 info using node@v4.3.1
4 verbose run-script [ 'prestart', 'start', 'poststart' ]
5 info prestart project-starter-koa-postgres@1.0.0
6 info start project-starter-koa-postgres@1.0.0
7 verbose unsafe-perm in lifecycle true
8 info project-starter-koa-postgres@1.0.0 Failed to exec start script
9 verbose stack Error: project-starter-koa-postgres@1.0.0 start: `node ./start.js`
9 verbose stack Exit status 1
9 verbose stack     at EventEmitter.<anonymous> (/nix/store/ajr6i77s89gjfjm59aazc16b5rvb39n7-nodejs-4.3.1/lib/node_modules/npm/lib/utils/lifecycle.js:214:16)
9 verbose stack     at emitTwo (events.js:87:13)
9 verbose stack     at EventEmitter.emit (events.js:172:7)
9 verbose stack     at ChildProcess.<anonymous> (/nix/store/ajr6i77s89gjfjm59aazc16b5rvb39n7-nodejs-4.3.1/lib/node_modules/npm/lib/utils/spawn.js:24:14)
9 verbose stack     at emitTwo (events.js:87:13)
9 verbose stack     at ChildProcess.emit (events.js:172:7)
9 verbose stack     at maybeClose (internal/child_process.js:821:16)
9 verbose stack     at Process.ChildProcess._handle.onexit (internal/child_process.js:211:5)
10 verbose pkgid project-starter-koa-postgres@1.0.0
11 verbose cwd /home/ubuntu/workspace/eventbrite-clone-rough-snowflake
12 error Linux 4.9.120-c9
13 error argv "/nix/store/ajr6i77s89gjfjm59aazc16b5rvb39n7-nodejs-4.3.1/bin/node" "/mnt/shared/sbin/npm" "start"
14 error node v4.3.1
15 error npm  v2.14.12
16 error code ELIFECYCLE
17 error project-starter-koa-postgres@1.0.0 start: `node ./start.js`
17 error Exit status 1
18 error Failed at the project-starter-koa-postgres@1.0.0 start script 'node ./start.js'.
18 error This is most likely a problem with the project-starter-koa-postgres package,
18 error not with npm itself.
18 error Tell the author that this fails on your system:
18 error     node ./start.js
18 error You can get their info via:
18 error     npm owner ls project-starter-koa-postgres
18 error There is likely additional logging output above.
19 verbose exit [ 1, true ]
